Start producing CNF
(RULES a a b b -> b b b a a a)
[([[False],[False],[True],[True]],[[True],[True],[True],[False],[False],[False]])]
fromList [(b,[True]),(a,[False])]
Cache hits: 89539 (39%), misses: 134529 (60%)
Profiling (inner-under): 
("mapInstance_3750",ProfileData {numCalls = 18, numVariables = 3242240, numClauses = 13131888})
("mapInstance_3802",ProfileData {numCalls = 306, numVariables = 3237888, numClauses = 13114752})
("iWord",ProfileData {numCalls = 2754, numVariables = 967680, numClauses = 3919104})
("get",ProfileData {numCalls = 16344, numVariables = 769024, numClauses = 3076064})
("constraint",ProfileData {numCalls = 1, numVariables = 390507, numClauses = 1579160})
("mapSaturatedInstance_3749",ProfileData {numCalls = 2, numVariables = 381440, numClauses = 1544928})
("mapInstance_3751",ProfileData {numCalls = 3, numVariables = 381440, numClauses = 1544928})
("compsSaturated_2712",ProfileData {numCalls = 17, numVariables = 381440, numClauses = 1544928})
("comps",ProfileData {numCalls = 17, numVariables = 381440, numClauses = 1544928})
("globalLambda_1876",ProfileData {numCalls = 289, numVariables = 380928, numClauses = 1542912})
("globalLambdaSaturated_2817",ProfileData {numCalls = 289, numVariables = 380928, numClauses = 1542912})
("comp",ProfileData {numCalls = 289, numVariables = 380928, numClauses = 1542912})
("iRule",ProfileData {numCalls = 289, numVariables = 368640, numClauses = 1492992})
("iSymbol",ProfileData {numCalls = 2737, numVariables = 276480, numClauses = 1105920})
("timesMA",ProfileData {numCalls = 2561, numVariables = 92160, numClauses = 387072})
("mapInstance_3784",ProfileData {numCalls = 6659, numVariables = 92160, numClauses = 387072})
("mapInstance_3783",ProfileData {numCalls = 8707, numVariables = 92160, numClauses = 387072})
("globalLambda_1872",ProfileData {numCalls = 4609, numVariables = 92160, numClauses = 387072})
("globalLambdaSaturated_2787",ProfileData {numCalls = 4609, numVariables = 92160, numClauses = 387072})
("dotSaturated_2781",ProfileData {numCalls = 6145, numVariables = 92160, numClauses = 387072})
("dot",ProfileData {numCalls = 6145, numVariables = 92160, numClauses = 387072})
("zipWithInstance_3779",ProfileData {numCalls = 6145, numVariables = 73728, numClauses = 333824})
("timesA",ProfileData {numCalls = 2049, numVariables = 73728, numClauses = 333824})
("mapInstance_3782",ProfileData {numCalls = 2050, numVariables = 73728, numClauses = 333824})
("globalLambdaSaturatedInstance_3780",ProfileData {numCalls = 2049, numVariables = 73728, numClauses = 333824})
("globalLambdaInstance_3781",ProfileData {numCalls = 2049, numVariables = 73728, numClauses = 333824})
("mapInstance_3808",ProfileData {numCalls = 36, numVariables = 65280, numClauses = 260848})
("plusNat8",ProfileData {numCalls = 2048, numVariables = 36864, numClauses = 225280})
("labelledW",ProfileData {numCalls = 204, numVariables = 20160, numClauses = 80512})
("sumA",ProfileData {numCalls = 2049, numVariables = 18432, numClauses = 53248})
("plusA",ProfileData {numCalls = 2049, numVariables = 18432, numClauses = 53248})
("foldrInstance_3777",ProfileData {numCalls = 2050, numVariables = 18432, numClauses = 53248})
("geA",ProfileData {numCalls = 513, numVariables = 9728, numClauses = 44032})
("geNat8",ProfileData {numCalls = 512, numVariables = 8704, numClauses = 40960})
("mapInstance_3742",ProfileData {numCalls = 18, numVariables = 8568, numClauses = 21352})
("mapInstance_3809",ProfileData {numCalls = 3, numVariables = 7680, numClauses = 30688})
("labelled",ProfileData {numCalls = 1, numVariables = 7680, numClauses = 30688})
("labelRule_38",ProfileData {numCalls = 34, numVariables = 7680, numClauses = 30688})
("globalLambda_1885",ProfileData {numCalls = 2, numVariables = 7680, numClauses = 30688})
("globalLambda_1882",ProfileData {numCalls = 34, numVariables = 7680, numClauses = 30688})
("globalLambdaSaturated_2865",ProfileData {numCalls = 2, numVariables = 7680, numClauses = 30688})
("globalLambdaSaturated_2856",ProfileData {numCalls = 34, numVariables = 7680, numClauses = 30688})
("gg0MA",ProfileData {numCalls = 258, numVariables = 5888, numClauses = 24320})
("zipWithInstance_3798",ProfileData {numCalls = 258, numVariables = 5632, numClauses = 23808})
("mapInstance_3801",ProfileData {numCalls = 259, numVariables = 5632, numClauses = 23808})
("globalLambda_1875",ProfileData {numCalls = 257, numVariables = 5632, numClauses = 23808})
("globalLambdaSaturatedInstance_3799",ProfileData {numCalls = 257, numVariables = 5632, numClauses = 23808})
("globalLambdaInstance_3800",ProfileData {numCalls = 257, numVariables = 5632, numClauses = 23808})
("zipWithInstance_3794",ProfileData {numCalls = 257, numVariables = 5376, numClauses = 23296})
("mapInstance_3797",ProfileData {numCalls = 258, numVariables = 5376, numClauses = 23296})
("globalLambdaSaturatedInstance_3795",ProfileData {numCalls = 257, numVariables = 5376, numClauses = 23296})
("globalLambdaInstance_3796",ProfileData {numCalls = 257, numVariables = 5376, numClauses = 23296})
("gg0A",ProfileData {numCalls = 257, numVariables = 5376, numClauses = 23296})
("geMA",ProfileData {numCalls = 256, numVariables = 5376, numClauses = 23040})
("allIInstance_3803",ProfileData {numCalls = 1009, numVariables = 5136, numClauses = 12336})
("zipWithInstance_3790",ProfileData {numCalls = 256, numVariables = 5120, numClauses = 22528})
("mapInstance_3793",ProfileData {numCalls = 258, numVariables = 5120, numClauses = 22528})
("globalLambda_1874",ProfileData {numCalls = 257, numVariables = 5120, numClauses = 22528})
("globalLambdaSaturatedInstance_3791",ProfileData {numCalls = 257, numVariables = 5120, numClauses = 22528})
("globalLambdaInstance_3792",ProfileData {numCalls = 257, numVariables = 5120, numClauses = 22528})
("zipWithInstance_3786",ProfileData {numCalls = 257, numVariables = 4864, numClauses = 22016})
("mapInstance_3789",ProfileData {numCalls = 258, numVariables = 4864, numClauses = 22016})
("gtA",ProfileData {numCalls = 257, numVariables = 4864, numClauses = 22016})
("globalLambdaSaturatedInstance_3787",ProfileData {numCalls = 257, numVariables = 4864, numClauses = 22016})
("globalLambdaInstance_3788",ProfileData {numCalls = 257, numVariables = 4864, numClauses = 22016})
("lexi",ProfileData {numCalls = 258, numVariables = 4352, numClauses = 16896})
("mapInstance_3762",ProfileData {numCalls = 18, numVariables = 2312, numClauses = 6120})
("and2",ProfileData {numCalls = 2618, numVariables = 1589, numClauses = 3723})
("foldlInstance_3785",ProfileData {numCalls = 2102, numVariables = 1432, numClauses = 3269})
("and",ProfileData {numCalls = 1029, numVariables = 1072, numClauses = 2189})
("allInstance_3741",ProfileData {numCalls = 1, numVariables = 1024, numClauses = 2559})
("positiveI",ProfileData {numCalls = 17, numVariables = 1008, numClauses = 2512})
("==_[]",ProfileData {numCalls = 82, numVariables = 644, numClauses = 1706})
("positiveM",ProfileData {numCalls = 513, numVariables = 512, numClauses = 1024})
("globalLambda_1878",ProfileData {numCalls = 513, numVariables = 512, numClauses = 1024})
("finite",ProfileData {numCalls = 512, numVariables = 512, numClauses = 1024})
("allInstance_3761",ProfileData {numCalls = 1, numVariables = 288, numClauses = 767})
("eqSymbol",ProfileData {numCalls = 18, numVariables = 277, numClauses = 732})
("or2",ProfileData {numCalls = 278, numVariables = 274, numClauses = 819})
("globalLambda_1868",ProfileData {numCalls = 17, numVariables = 272, numClauses = 720})
("infinite",ProfileData {numCalls = 257, numVariables = 256, numClauses = 512})
("==_Bool",ProfileData {numCalls = 65, numVariables = 195, numClauses = 520})
("foldlInstance_3778",ProfileData {numCalls = 23, numVariables = 138, numClauses = 411})
("mapInstance_3759",ProfileData {numCalls = 18, numVariables = 136, numClauses = 408})
("mapInstance_3754",ProfileData {numCalls = 18, numVariables = 136, numClauses = 408})
("anyInstance_3755",ProfileData {numCalls = 1, numVariables = 33, numClauses = 97})
("mapInstance_3760",ProfileData {numCalls = 3, numVariables = 32, numClauses = 95})
("mapInstance_3756",ProfileData {numCalls = 3, numVariables = 32, numClauses = 95})
("anySaturatedInstance_3752",ProfileData {numCalls = 2, numVariables = 32, numClauses = 95})
("anyInstance_3753",ProfileData {numCalls = 2, numVariables = 32, numClauses = 95})
("allSaturatedInstance_3757",ProfileData {numCalls = 2, numVariables = 32, numClauses = 95})
("allInstance_3758",ProfileData {numCalls = 2, numVariables = 32, numClauses = 95})
("or",ProfileData {numCalls = 4, numVariables = 18, numClauses = 51})
("isNone",ProfileData {numCalls = 17, numVariables = 16, numClauses = 48})
("isGreater",ProfileData {numCalls = 17, numVariables = 16, numClauses = 48})
("zipWithInstance_3764",ProfileData {numCalls = 2048, numVariables = 0, numClauses = 0})
("zip",ProfileData {numCalls = 10756, numVariables = 0, numClauses = 0})
("transpose",ProfileData {numCalls = 2050, numVariables = 0, numClauses = 0})
("snd",ProfileData {numCalls = 17, numVariables = 0, numClauses = 0})
("not",ProfileData {numCalls = 258, numVariables = 0, numClauses = 0})
("maxNat8",ProfileData {numCalls = 2048, numVariables = 0, numClauses = 0})
("mapSaturatedInstance_3746",ProfileData {numCalls = 2, numVariables = 0, numClauses = 0})
("mapSaturatedInstance_3743",ProfileData {numCalls = 2, numVariables = 0, numClauses = 0})
("mapInstance_3807",ProfileData {numCalls = 17, numVariables = 0, numClauses = 0})
("mapInstance_3806",ProfileData {numCalls = 17, numVariables = 0, numClauses = 0})
("mapInstance_3767",ProfileData {numCalls = 2, numVariables = 0, numClauses = 0})
("mapInstance_3763",ProfileData {numCalls = 2050, numVariables = 0, numClauses = 0})
("mapInstance_3748",ProfileData {numCalls = 3, numVariables = 0, numClauses = 0})
("mapInstance_3747",ProfileData {numCalls = 18, numVariables = 0, numClauses = 0})
("mapInstance_3745",ProfileData {numCalls = 3, numVariables = 0, numClauses = 0})
("mapInstance_3744",ProfileData {numCalls = 18, numVariables = 0, numClauses = 0})
("leftmost",ProfileData {numCalls = 3, numVariables = 0, numClauses = 0})
("labelledW_app",ProfileData {numCalls = 163, numVariables = 0, numClauses = 0})
("keys",ProfileData {numCalls = 32, numVariables = 0, numClauses = 0})
("globalLambda_1880",ProfileData {numCalls = 16, numVariables = 0, numClauses = 0})
("globalLambda_1879",ProfileData {numCalls = 16, numVariables = 0, numClauses = 0})
("globalLambda_1871",ProfileData {numCalls = 2049, numVariables = 0, numClauses = 0})
("globalLambdaSaturatedInstance_3765",ProfileData {numCalls = 1, numVariables = 0, numClauses = 0})
("globalLambdaInstance_3766",ProfileData {numCalls = 1, numVariables = 0, numClauses = 0})
("fst",ProfileData {numCalls = 17, numVariables = 0, numClauses = 0})
("foldrInstance_3805",ProfileData {numCalls = 3, numVariables = 0, numClauses = 0})
("foldrInstance_3804",ProfileData {numCalls = 493, numVariables = 0, numClauses = 0})
("concat",ProfileData {numCalls = 1, numVariables = 0, numClauses = 0})
("assertKnown",ProfileData {numCalls = 10587, numVariables = 0, numClauses = 0})
("++",ProfileData {numCalls = 168, numVariables = 0, numClauses = 0})

Profiling (inner): 
("get",ProfileData {numCalls = 16344, numVariables = 284160, numClauses = 1136640})
("timesA",ProfileData {numCalls = 2049, numVariables = 36864, numClauses = 108544})
("plusNat8",ProfileData {numCalls = 2048, numVariables = 36864, numClauses = 227328})
("plusA",ProfileData {numCalls = 2049, numVariables = 18432, numClauses = 53248})
("geNat8",ProfileData {numCalls = 512, numVariables = 8704, numClauses = 40960})
("__init",ProfileData {numCalls = 0, numVariables = 4737, numClauses = 0})
("and2",ProfileData {numCalls = 2618, numVariables = 1589, numClauses = 3723})
("geA",ProfileData {numCalls = 513, numVariables = 1024, numClauses = 3072})
("comp",ProfileData {numCalls = 289, numVariables = 1024, numClauses = 2560})
("lexi",ProfileData {numCalls = 258, numVariables = 512, numClauses = 2016})
("finite",ProfileData {numCalls = 512, numVariables = 512, numClauses = 1024})
("or2",ProfileData {numCalls = 278, numVariables = 274, numClauses = 819})
("infinite",ProfileData {numCalls = 257, numVariables = 256, numClauses = 512})
("==_Bool",ProfileData {numCalls = 65, numVariables = 195, numClauses = 520})
("==_[]",ProfileData {numCalls = 82, numVariables = 65, numClauses = 178})
("isNone",ProfileData {numCalls = 17, numVariables = 16, numClauses = 48})
("isGreater",ProfileData {numCalls = 17, numVariables = 16, numClauses = 48})
("zipWithInstance_3798",ProfileData {numCalls = 258, numVariables = 0, numClauses = 0})
("zipWithInstance_3794",ProfileData {numCalls = 257, numVariables = 0, numClauses = 0})
("zipWithInstance_3790",ProfileData {numCalls = 256, numVariables = 0, numClauses = 0})
("zipWithInstance_3786",ProfileData {numCalls = 257, numVariables = 0, numClauses = 0})
("zipWithInstance_3779",ProfileData {numCalls = 6145, numVariables = 0, numClauses = 0})
("zipWithInstance_3764",ProfileData {numCalls = 2048, numVariables = 0, numClauses = 0})
("zip",ProfileData {numCalls = 10756, numVariables = 0, numClauses = 0})
("transpose",ProfileData {numCalls = 2050, numVariables = 0, numClauses = 0})
("timesMA",ProfileData {numCalls = 2561, numVariables = 0, numClauses = 0})
("sumA",ProfileData {numCalls = 2049, numVariables = 0, numClauses = 0})
("snd",ProfileData {numCalls = 17, numVariables = 0, numClauses = 0})
("positiveM",ProfileData {numCalls = 513, numVariables = 0, numClauses = 0})
("positiveI",ProfileData {numCalls = 17, numVariables = 0, numClauses = 0})
("or",ProfileData {numCalls = 4, numVariables = 0, numClauses = 0})
("not",ProfileData {numCalls = 258, numVariables = 0, numClauses = 0})
("maxNat8",ProfileData {numCalls = 2048, numVariables = 0, numClauses = 0})
("mapSaturatedInstance_3749",ProfileData {numCalls = 2, numVariables = 0, numClauses = 0})
("mapSaturatedInstance_3746",ProfileData {numCalls = 2, numVariables = 0, numClauses = 0})
("mapSaturatedInstance_3743",ProfileData {numCalls = 2, numVariables = 0, numClauses = 0})
("mapInstance_3809",ProfileData {numCalls = 3, numVariables = 0, numClauses = 0})
("mapInstance_3808",ProfileData {numCalls = 36, numVariables = 0, numClauses = 0})
("mapInstance_3807",ProfileData {numCalls = 17, numVariables = 0, numClauses = 0})
("mapInstance_3806",ProfileData {numCalls = 17, numVariables = 0, numClauses = 0})
("mapInstance_3802",ProfileData {numCalls = 306, numVariables = 0, numClauses = 0})
("mapInstance_3801",ProfileData {numCalls = 259, numVariables = 0, numClauses = 0})
("mapInstance_3797",ProfileData {numCalls = 258, numVariables = 0, numClauses = 0})
("mapInstance_3793",ProfileData {numCalls = 258, numVariables = 0, numClauses = 0})
("mapInstance_3789",ProfileData {numCalls = 258, numVariables = 0, numClauses = 0})
("mapInstance_3784",ProfileData {numCalls = 6659, numVariables = 0, numClauses = 0})
("mapInstance_3783",ProfileData {numCalls = 8707, numVariables = 0, numClauses = 0})
("mapInstance_3782",ProfileData {numCalls = 2050, numVariables = 0, numClauses = 0})
("mapInstance_3767",ProfileData {numCalls = 2, numVariables = 0, numClauses = 0})
("mapInstance_3763",ProfileData {numCalls = 2050, numVariables = 0, numClauses = 0})
("mapInstance_3762",ProfileData {numCalls = 18, numVariables = 0, numClauses = 0})
("mapInstance_3760",ProfileData {numCalls = 3, numVariables = 0, numClauses = 0})
("mapInstance_3759",ProfileData {numCalls = 18, numVariables = 0, numClauses = 0})
("mapInstance_3756",ProfileData {numCalls = 3, numVariables = 0, numClauses = 0})
("mapInstance_3754",ProfileData {numCalls = 18, numVariables = 0, numClauses = 0})
("mapInstance_3751",ProfileData {numCalls = 3, numVariables = 0, numClauses = 0})
("mapInstance_3750",ProfileData {numCalls = 18, numVariables = 0, numClauses = 0})
("mapInstance_3748",ProfileData {numCalls = 3, numVariables = 0, numClauses = 0})
("mapInstance_3747",ProfileData {numCalls = 18, numVariables = 0, numClauses = 0})
("mapInstance_3745",ProfileData {numCalls = 3, numVariables = 0, numClauses = 0})
("mapInstance_3744",ProfileData {numCalls = 18, numVariables = 0, numClauses = 0})
("mapInstance_3742",ProfileData {numCalls = 18, numVariableCNF finished (#variables: 395245, #clauses: 1579162)
Starting solver
Solver finished in 4300.46 seconds (result: True)
Starting decoder
Decoder finished
s = 0, numClauses = 0})
("leftmost",ProfileData {numCalls = 3, numVariables = 0, numClauses = 0})
("labelledW_app",ProfileData {numCalls = 163, numVariables = 0, numClauses = 0})
("labelledW",ProfileData {numCalls = 204, numVariables = 0, numClauses = 0})
("labelled",ProfileData {numCalls = 1, numVariables = 0, numClauses = 0})
("labelRule_38",ProfileData {numCalls = 34, numVariables = 0, numClauses = 0})
("keys",ProfileData {numCalls = 32, numVariables = 0, numClauses = 0})
("iWord",ProfileData {numCalls = 2754, numVariables = 0, numClauses = 0})
("iSymbol",ProfileData {numCalls = 2737, numVariables = 0, numClauses = 0})
("iRule",ProfileData {numCalls = 289, numVariables = 0, numClauses = 0})
("gtA",ProfileData {numCalls = 257, numVariables = 0, numClauses = 0})
("globalLambda_1885",ProfileData {numCalls = 2, numVariables = 0, numClauses = 0})
("globalLambda_1882",ProfileData {numCalls = 34, numVariables = 0, numClauses = 0})
("globalLambda_1880",ProfileData {numCalls = 16, numVariables = 0, numClauses = 0})
("globalLambda_1879",ProfileData {numCalls = 16, numVariables = 0, numClauses = 0})
("globalLambda_1878",ProfileData {numCalls = 513, numVariables = 0, numClauses = 0})
("globalLambda_1876",ProfileData {numCalls = 289, numVariables = 0, numClauses = 0})
("globalLambda_1875",ProfileData {numCalls = 257, numVariables = 0, numClauses = 0})
("globalLambda_1874",ProfileData {numCalls = 257, numVariables = 0, numClauses = 0})
("globalLambda_1872",ProfileData {numCalls = 4609, numVariables = 0, numClauses = 0})
("globalLambda_1871",ProfileData {numCalls = 2049, numVariables = 0, numClauses = 0})
("globalLambda_1868",ProfileData {numCalls = 17, numVariables = 0, numClauses = 0})
("globalLambdaSaturated_2865",ProfileData {numCalls = 2, numVariables = 0, numClauses = 0})
("globalLambdaSaturated_2856",ProfileData {numCalls = 34, numVariables = 0, numClauses = 0})
("globalLambdaSaturated_2817",ProfileData {numCalls = 289, numVariables = 0, numClauses = 0})
("globalLambdaSaturated_2787",ProfileData {numCalls = 4609, numVariables = 0, numClauses = 0})
("globalLambdaSaturatedInstance_3799",ProfileData {numCalls = 257, numVariables = 0, numClauses = 0})
("globalLambdaSaturatedInstance_3795",ProfileData {numCalls = 257, numVariables = 0, numClauses = 0})
("globalLambdaSaturatedInstance_3791",ProfileData {numCalls = 257, numVariables = 0, numClauses = 0})
("globalLambdaSaturatedInstance_3787",ProfileData {numCalls = 257, numVariables = 0, numClauses = 0})
("globalLambdaSaturatedInstance_3780",ProfileData {numCalls = 2049, numVariables = 0, numClauses = 0})
("globalLambdaSaturatedInstance_3765",ProfileData {numCalls = 1, numVariables = 0, numClauses = 0})
("globalLambdaInstance_3800",ProfileData {numCalls = 257, numVariables = 0, numClauses = 0})
("globalLambdaInstance_3796",ProfileData {numCalls = 257, numVariables = 0, numClauses = 0})
("globalLambdaInstance_3792",ProfileData {numCalls = 257, numVariables = 0, numClauses = 0})
("globalLambdaInstance_3788",ProfileData {numCalls = 257, numVariables = 0, numClauses = 0})
("globalLambdaInstance_3781",ProfileData {numCalls = 2049, numVariables = 0, numClauses = 0})
("globalLambdaInstance_3766",ProfileData {numCalls = 1, numVariables = 0, numClauses = 0})
("gg0MA",ProfileData {numCalls = 258, numVariables = 0, numClauses = 0})
("gg0A",ProfileData {numCalls = 257, numVariables = 0, numClauses = 0})
("geMA",ProfileData {numCalls = 256, numVariables = 0, numClauses = 0})
("fst",ProfileData {numCalls = 17, numVariables = 0, numClauses = 0})
("foldrInstance_3805",ProfileData {numCalls = 3, numVariables = 0, numClauses = 0})
("foldrInstance_3804",ProfileData {numCalls = 493, numVariables = 0, numClauses = 0})
("foldrInstance_3777",ProfileData {numCalls = 2050, numVariables = 0, numClauses = 0})
("foldlInstance_3785",ProfileData {numCalls = 2102, numVariables = 0, numClauses = 0})
("foldlInstance_3778",ProfileData {numCalls = 23, numVariables = 0, numClauses = 0})
("eqSymbol",ProfileData {numCalls = 18, numVariables = 0, numClauses = 0})
("dotSaturated_2781",ProfileData {numCalls = 6145, numVariables = 0, numClauses = 0})
("dot",ProfileData {numCalls = 6145, numVariables = 0, numClauses = 0})
("constraint",ProfileData {numCalls = 1, numVariables = 0, numClauses = 0})
("concat",ProfileData {numCalls = 1, numVariables = 0, numClauses = 0})
("compsSaturated_2712",ProfileData {numCalls = 17, numVariables = 0, numClauses = 0})
("comps",ProfileData {numCalls = 17, numVariables = 0, numClauses = 0})
("assertKnown",ProfileData {numCalls = 10587, numVariables = 0, numClauses = 0})
("anySaturatedInstance_3752",ProfileData {numCalls = 2, numVariables = 0, numClauses = 0})
("anyInstance_3755",ProfileData {numCalls = 1, numVariables = 0, numClauses = 0})
("anyInstance_3753",ProfileData {numCalls = 2, numVariables = 0, numClauses = 0})
("and",ProfileData {numCalls = 1029, numVariables = 0, numClauses = 0})
("allSaturatedInstance_3757",ProfileData {numCalls = 2, numVariables = 0, numClauses = 0})
("allInstance_3761",ProfileData {numCalls = 1, numVariables = 0, numClauses = 0})
("allInstance_3758",ProfileData {numCalls = 2, numVariables = 0, numClauses = 0})
("allInstance_3741",ProfileData {numCalls = 1, numVariables = 0, numClauses = 0})
("allIInstance_3803",ProfileData {numCalls = 1009, numVariables = 0, numClauses = 0})
("++",ProfileData {numCalls = 168, numVariables = 0, numClauses = 0})

Solution: Label (Branch (Leaf (Branch (Branch (Branch (Branch (Leaf [False,True,False,True]) (Leaf [False,True,True,True])) (Branch (Leaf [False,True,False,False]) (Leaf [False,False,False,True]))) (Branch (Branch (Leaf [False,False,False,False]) (Leaf [True,False,False,True])) (Branch (Leaf [True,False,True,True]) (Leaf [False,False,False,True])))) (Branch (Branch (Branch (Leaf [False,True,False,False]) (Leaf [False,True,False,True])) (Branch (Leaf [False,False,False,True]) (Leaf [True,True,True,False]))) (Branch (Branch (Leaf [True,False,True,True]) (Leaf [True,False,True,True])) (Branch (Leaf [False,True,False,False]) (Leaf [False,False,False,True])))))) (Leaf (Branch (Branch (Branch (Branch (Leaf [False,False,True,False]) (Leaf [False,True,True,True])) (Branch (Leaf [True,False,False,False]) (Leaf [True,True,False,False]))) (Branch (Branch (Leaf [True,False,True,False]) (Leaf [False,False,True,True])) (Branch (Leaf [False,False,False,False]) (Leaf [True,True,False,True])))) (Branch (Branch (Branch (Leaf [True,True,True,False]) (Leaf [True,True,True,False])) (Branch (Leaf [False,True,True,False]) (Leaf [False,False,True,True]))) (Branch (Branch (Leaf [False,False,False,False]) (Leaf [True,False,False,True])) (Branch (Leaf [True,False,False,False]) (Leaf [False,True,True,False]))))))) [Branch (Branch (Branch (Branch (Branch (Leaf [[Finite 1]]) (Leaf [[Finite 3]])) (Branch (Leaf [[Finite 92]]) (Leaf [[Finite 0]]))) (Branch (Branch (Leaf [[Finite 75]]) (Leaf [[Finite 25]])) (Branch (Leaf [[Finite 190]]) (Leaf [[Finite 0]])))) (Branch (Branch (Branch (Leaf [[Finite 0]]) (Leaf [[Finite 14]])) (Branch (Leaf [[Finite 0]]) (Leaf [[Finite 0]]))) (Branch (Branch (Leaf [[Finite 159]]) (Leaf [[Finite 102]])) (Branch (Leaf [[Finite 1]]) (Leaf [[Finite 29]]))))) (Branch (Branch (Branch (Branch (Leaf [[Finite 26]]) (Leaf [[Finite 8]])) (Branch (Leaf [[Finite 106]]) (Leaf [[Finite 17]]))) (Branch (Branch (Leaf [[Finite 0]]) (Leaf [[Finite 16]])) (Branch (Leaf [[Finite 33]]) (Leaf [[Finite 1]])))) (Branch (Branch (Branch (Leaf [[Finite 20]]) (Leaf [[Finite 31]])) (Branch (Leaf [[Finite 1]]) (Leaf [[Finite 63]]))) (Branch (Branch (Leaf [[Finite 1]]) (Leaf [[Finite 32]])) (Branch (Leaf [[Finite 32]]) (Leaf [[Finite 15]]))))),Branch (Branch (Branch (Branch (Branch (Leaf [[Finite 0]]) (Leaf [[Finite 7]])) (Branch (Leaf [[Finite 12]]) (Leaf [[Finite 97]]))) (Branch (Branch (Leaf [[Finite 27]]) (Leaf [[Finite 20]])) (Branch (Leaf [[Finite 62]]) (Leaf [[Finite 2]])))) (Branch (Branch (Branch (Leaf [[Finite 31]]) (Leaf [[Finite 0]])) (Branch (Leaf [[Finite 0]]) (Leaf [[Finite 7]]))) (Branch (Branch (Leaf [[Finite 6]]) (Leaf [[Finite 24]])) (Branch (Leaf [[Finite 110]]) (Leaf [[Finite 184]]))))) (Branch (Branch (Branch (Branch (Leaf [[Finite 36]]) (Leaf [[Finite 1]])) (Branch (Leaf [[Finite 33]]) (Leaf [[Finite 3]]))) (Branch (Branch (Leaf [[Finite 0]]) (Leaf [[Finite 8]])) (Branch (Leaf [[Finite 4]]) (Leaf [[Finite 1]])))) (Branch (Branch (Branch (Leaf [[Finite 7]]) (Leaf [[Finite 14]])) (Branch (Leaf [[Finite 16]]) (Leaf [[Finite 204]]))) (Branch (Branch (Leaf [[Finite 94]]) (Leaf [[Finite 9]])) (Branch (Leaf [[Finite 1]]) (Leaf [[Finite 177]]))))),Branch (Branch (Branch (Branch (Branch (Leaf [[Finite 66]]) (Leaf [[Finite 3]])) (Branch (Leaf [[Finite 20]]) (Leaf [[Finite 4]]))) (Branch (Branch (Leaf [[Finite 69]]) (Leaf [[Finite 10]])) (Branch (Leaf [[Finite 31]]) (Leaf [[Finite 1]])))) (Branch (Branch (Branch (Leaf [[Finite 5]]) (Leaf [[Finite 23]])) (Branch (Leaf [[Finite 117]]) (Leaf [[Finite 73]]))) (Branch (Branch (Leaf [[Finite 54]]) (Leaf [[Finite 66]])) (Branch (Leaf [[Finite 3]]) (Leaf [[Finite 6]]))))) (Branch (Branch (Branch (Branch (Leaf [[Finite 69]]) (Leaf [[Finite 2]])) (Branch (Leaf [[Finite 22]]) (Leaf [[Finite 0]]))) (Branch (Branch (Leaf [[Finite 1]]) (Leaf [[Finite 1]])) (Branch (Leaf [[Finite 10]]) (Leaf [[Finite 1]])))) (Branch (Branch (Branch (Leaf [[Finite 6]]) (Leaf [[Finite 16]])) (Branch (Leaf [[Finite 64]]) (Leaf [[Finite 128]]))) (Branch (Branch (Leaf [[Finite 66]]) (Leaf [[Finite 130]])) (Branch (Leaf [[Finite 43]]) (Leaf [[Finite 57]]))))),Branch (Branch (Branch (Branch (Branch (Leaf [[Finite 0]]) (Leaf [[Finite 5]])) (Branch (Leaf [[Finite 131]]) (Leaf [[Finite 65]]))) (Branch (Branch (Leaf [[Finite 45]]) (Leaf [[Finite 1]])) (Branch (Leaf [[Finite 63]]) (Leaf [[Finite 3]])))) (Branch (Branch (Branch (Leaf [[Finite 79]]) (Leaf [[Finite 1]])) (Branch (Leaf [[Finite 8]]) (Leaf [[Finite 85]]))) (Branch (Branch (Leaf [[Finite 1]]) (Leaf [[Finite 2]])) (Branch (Leaf [[Finite 11]]) (Leaf [[Finite 188]]))))) (Branch (Branch (Branch (Branch (Leaf [[Finite 2]]) (Leaf [[Finite 2]])) (Branch (Leaf [[Finite 47]]) (Leaf [[Finite 45]]))) (Branch (Branch (Leaf [[Finite 6]]) (Leaf [[Finite 0]])) (Branch (Leaf [[Finite 2]]) (Leaf [[Finite 7]])))) (Branch (Branch (Branch (Leaf [[Finite 0]]) (Leaf [[Finite 128]])) (Branch (Leaf [[Finite 21]]) (Leaf [[Finite 59]]))) (Branch (Branch (Leaf [[Finite 19]]) (Leaf [[Finite 23]])) (Branch (Leaf [[Finite 0]]) (Leaf [[Finite 62]]))))),Branch (Branch (Branch (Branch (Branch (Leaf [[Finite 1]]) (Leaf [[Finite 0]])) (Branch (Leaf [[Finite 30]]) (Leaf [[Finite 3]]))) (Branch (Branch (Leaf [[Finite 4]]) (Leaf [[Finite 0]])) (Branch (Leaf [[Finite 14]]) (Leaf [[Finite 17]])))) (Branch (Branch (Branch (Leaf [[Finite 145]]) (Leaf [[Finite 37]])) (Branch (Leaf [[Finite 14]]) (Leaf [[Finite 6]]))) (Branch (Branch (Leaf [[Finite 13]]) (Leaf [[Finite 51]])) (Branch (Leaf [[Finite 122]]) (Leaf [[Finite 0]]))))) (Branch (Branch (Branch (Branch (Leaf [[Finite 8]]) (Leaf [[Finite 96]])) (Branch (Leaf [[Finite 35]]) (Leaf [[Finite 35]]))) (Branch (Branch (Leaf [[Finite 0]]) (Leaf [[Finite 8]])) (Branch (Leaf [[Finite 0]]) (Leaf [[Finite 26]])))) (Branch (Branch (Branch (Leaf [[Finite 32]]) (Leaf [[Finite 10]])) (Branch (Leaf [[Finite 26]]) (Leaf [[Finite 196]]))) (Branch (Branch (Leaf [[Finite 27]]) (Leaf [[Finite 76]])) (Branch (Leaf [[Finite 8]]) (Leaf [[Finite 235]]))))),Branch (Branch (Branch (Branch (Branch (Leaf [[Finite 23]]) (Leaf [[Finite 34]])) (Branch (Leaf [[Finite 34]]) (Leaf [[Finite 11]]))) (Branch (Branch (Leaf [[Finite 33]]) (Leaf [[Finite 56]])) (Branch (Leaf [[Finite 34]]) (Leaf [[Finite 7]])))) (Branch (Branch (Branch (Leaf [[Finite 29]]) (Leaf [[Finite 16]])) (Branch (Leaf [[Finite 36]]) (Leaf [[Finite 8]]))) (Branch (Branch (Leaf [[Finite 43]]) (Leaf [[Finite 10]])) (Branch (Leaf [[Finite 8]]) (Leaf [[Finite 43]]))))) (Branch (Branch (Branch (Branch (Leaf [[Finite 67]]) (Leaf [[Finite 34]])) (Branch (Leaf [[Finite 88]]) (Leaf [[Finite 2]]))) (Branch (Branch (Leaf [[Finite 69]]) (Leaf [[Finite 58]])) (Branch (Leaf [[Finite 4]]) (Leaf [[Finite 14]])))) (Branch (Branch (Branch (Leaf [[Finite 51]]) (Leaf [[Finite 17]])) (Branch (Leaf [[Finite 67]]) (Leaf [[Finite 15]]))) (Branch (Branch (Leaf [[Finite 65]]) (Leaf [[Finite 95]])) (Branch (Leaf [[Finite 17]]) (Leaf [[Finite 142]]))))),Branch (Branch (Branch (Branch (Branch (Leaf [[Finite 32]]) (Leaf [[Finite 6]])) (Branch (Leaf [[Finite 108]]) (Leaf [[Finite 56]]))) (Branch (Branch (Leaf [[Finite 64]]) (Leaf [[Finite 71]])) (Branch (Leaf [[Finite 145]]) (Leaf [[Finite 7]])))) (Branch (Branch (Branch (Leaf [[Finite 2]]) (Leaf [[Finite 59]])) (Branch (Leaf [[Finite 1]]) (Leaf [[Finite 3]]))) (Branch (Branch (Leaf [[Finite 125]]) (Leaf [[Finite 7]])) (Branch (Leaf [[Finite 11]]) (Leaf [[Finite 55]]))))) (Branch (Branch (Branch (Branch (Leaf [[Finite 11]]) (Leaf [[Finite 92]])) (Branch (Leaf [[Finite 139]]) (Leaf [[Finite 6]]))) (Branch (Branch (Leaf [[Finite 19]]) (Leaf [[Finite 7]])) (Branch (Leaf [[Finite 0]]) (Leaf [[Finite 21]])))) (Branch (Branch (Branch (Leaf [[Finite 20]]) (Leaf [[Finite 23]])) (Branch (Leaf [[Finite 1]]) (Leaf [[Finite 37]]))) (Branch (Branch (Leaf [[Finite 3]]) (Leaf [[Finite 8]])) (Branch (Leaf [[Finite 4]]) (Leaf [[Finite 150]]))))),Branch (Branch (Branch (Branch (Branch (Leaf [[Finite 3]]) (Leaf [[Finite 0]])) (Branch (Leaf [[Finite 58]]) (Leaf [[Finite 82]]))) (Branch (Branch (Leaf [[Finite 8]]) (Leaf [[Finite 25]])) (Branch (Leaf [[Finite 19]]) (Leaf [[Finite 22]])))) (Branch (Branch (Branch (Leaf [[Finite 130]]) (Leaf [[Finite 63]])) (Branch (Leaf [[Finite 210]]) (Leaf [[Finite 21]]))) (Branch (Branch (Leaf [[Finite 23]]) (Leaf [[Finite 6]])) (Branch (Leaf [[Finite 27]]) (Leaf [[Finite 36]]))))) (Branch (Branch (Branch (Branch (Leaf [[Finite 18]]) (Leaf [[Finite 16]])) (Branch (Leaf [[Finite 35]]) (Leaf [[Finite 4]]))) (Branch (Branch (Leaf [[Finite 0]]) (Leaf [[Finite 61]])) (Branch (Leaf [[Finite 101]]) (Leaf [[Finite 0]])))) (Branch (Branch (Branch (Leaf [[Finite 26]]) (Leaf [[Finite 61]])) (Branch (Leaf [[Finite 0]]) (Leaf [[Finite 86]]))) (Branch (Branch (Leaf [[Finite 6]]) (Leaf [[Finite 1]])) (Branch (Leaf [[Finite 50]]) (Leaf [[Finite 8]]))))),Branch (Branch (Branch (Branch (Branch (Leaf [[Finite 40]]) (Leaf [[Finite 0]])) (Branch (Leaf [[Finite 15]]) (Leaf [[Finite 21]]))) (Branch (Branch (Leaf [[Finite 15]]) (Leaf [[Finite 39]])) (Branch (Leaf [[Finite 16]]) (Leaf [[Finite 2]])))) (Branch (Branch (Branch (Leaf [[Finite 16]]) (Leaf [[Finite 22]])) (Branch (Leaf [[Finite 80]]) (Leaf [[Finite 8]]))) (Branch (Branch (Leaf [[Finite 20]]) (Leaf [[Finite 2]])) (Branch (Leaf [[Finite 0]]) (Leaf [[Finite 23]]))))) (Branch (Branch (Branch (Branch (Leaf [[Finite 97]]) (Leaf [[Finite 110]])) (Branch (Leaf [[Finite 55]]) (Leaf [[Finite 74]]))) (Branch (Branch (Leaf [[Finite 1]]) (Leaf [[Finite 52]])) (Branch (Leaf [[Finite 2]]) (Leaf [[Finite 32]])))) (Branch (Branch (Branch (Leaf [[Finite 1]]) (Leaf [[Finite 68]])) (Branch (Leaf [[Finite 145]]) (Leaf [[Finite 6]]))) (Branch (Branch (Leaf [[Finite 28]]) (Leaf [[Finite 18]])) (Branch (Leaf [[Finite 23]]) (Leaf [[Finite 124]]))))),Branch (Branch (Branch (Branch (Branch (Leaf [[Finite 20]]) (Leaf [[Finite 0]])) (Branch (Leaf [[Finite 49]]) (Leaf [[Finite 0]]))) (Branch (Branch (Leaf [[Finite 18]]) (Leaf [[Finite 65]])) (Branch (Leaf [[Finite 91]]) (Leaf [[Finite 0]])))) (Branch (Branch (Branch (Leaf [[Finite 60]]) (Leaf [[Finite 10]])) (Branch (Leaf [[Finite 1]]) (Leaf [[Finite 5]]))) (Branch (Branch (Leaf [[Finite 4]]) (Leaf [[Finite 16]])) (Branch (Leaf [[Finite 42]]) (Leaf [[Finite 1]]))))) (Branch (Branch (Branch (Branch (Leaf [[Finite 100]]) (Leaf [[Finite 109]])) (Branch (Leaf [[Finite 56]]) (Leaf [[Finite 133]]))) (Branch (Branch (Leaf [[Finite 67]]) (Leaf [[Finite 6]])) (Branch (Leaf [[Finite 48]]) (Leaf [[Finite 16]])))) (Branch (Branch (Branch (Leaf [[Finite 16]]) (Leaf [[Finite 2]])) (Branch (Leaf [[Finite 0]]) (Leaf [[Finite 68]]))) (Branch (Branch (Leaf [[Finite 0]]) (Leaf [[Finite 128]])) (Branch (Leaf [[Finite 0]]) (Leaf [[Finite 114]]))))),Branch (Branch (Branch (Branch (Branch (Leaf [[Finite 95]]) (Leaf [[Finite 34]])) (Branch (Leaf [[Finite 15]]) (Leaf [[Finite 0]]))) (Branch (Branch (Leaf [[Finite 18]]) (Leaf [[Finite 32]])) (Branch (Leaf [[Finite 47]]) (Leaf [[Finite 1]])))) (Branch (Branch (Branch (Leaf [[Finite 56]]) (Leaf [[Finite 31]])) (Branch (Leaf [[Finite 1]]) (Leaf [[Finite 5]]))) (Branch (Branch (Leaf [[Finite 59]]) (Leaf [[Finite 13]])) (Branch (Leaf [[Finite 61]]) (Leaf [[Finite 70]]))))) (Branch (Branch (Branch (Branch (Leaf [[Finite 43]]) (Leaf [[Finite 103]])) (Branch (Leaf [[Finite 65]]) (Leaf [[Finite 8]]))) (Branch (Branch (Leaf [[Finite 71]]) (Leaf [[Finite 1]])) (Branch (Leaf [[Finite 32]]) (Leaf [[Finite 1]])))) (Branch (Branch (Branch (Leaf [[Finite 11]]) (Leaf [[Finite 25]])) (Branch (Leaf [[Finite 0]]) (Leaf [[Finite 95]]))) (Branch (Branch (Leaf [[Finite 15]]) (Leaf [[Finite 24]])) (Branch (Leaf [[Finite 62]]) (Leaf [[Finite 0]]))))),Branch (Branch (Branch (Branch (Branch (Leaf [[Finite 6]]) (Leaf [[Finite 32]])) (Branch (Leaf [[Finite 1]]) (Leaf [[Finite 7]]))) (Branch (Branch (Leaf [[Finite 44]]) (Leaf [[Finite 55]])) (Branch (Leaf [[Finite 64]]) (Leaf [[Finite 1]])))) (Branch (Branch (Branch (Leaf [[Finite 33]]) (Leaf [[Finite 40]])) (Branch (Leaf [[Finite 58]]) (Leaf [[Finite 31]]))) (Branch (Branch (Leaf [[Finite 12]]) (Leaf [[Finite 15]])) (Branch (Leaf [[Finite 22]]) (Leaf [[Finite 55]]))))) (Branch (Branch (Branch (Branch (Leaf [[Finite 46]]) (Leaf [[Finite 38]])) (Branch (Leaf [[Finite 1]]) (Leaf [[Finite 8]]))) (Branch (Branch (Leaf [[Finite 60]]) (Leaf [[Finite 12]])) (Branch (Leaf [[Finite 2]]) (Leaf [[Finite 50]])))) (Branch (Branch (Branch (Leaf [[Finite 8]]) (Leaf [[Finite 3]])) (Branch (Leaf [[Finite 16]]) (Leaf [[Finite 8]]))) (Branch (Branch (Leaf [[Finite 31]]) (Leaf [[Finite 76]])) (Branch (Leaf [[Finite 17]]) (Leaf [[Finite 14]]))))),Branch (Branch (Branch (Branch (Branch (Leaf [[Finite 52]]) (Leaf [[Finite 12]])) (Branch (Leaf [[Finite 62]]) (Leaf [[Finite 79]]))) (Branch (Branch (Leaf [[Finite 16]]) (Leaf [[Finite 5]])) (Branch (Leaf [[Finite 133]]) (Leaf [[Finite 13]])))) (Branch (Branch (Branch (Leaf [[Finite 90]]) (Leaf [[Finite 24]])) (Branch (Leaf [[Finite 96]]) (Leaf [[Finite 5]]))) (Branch (Branch (Leaf [[Finite 1]]) (Leaf [[Finite 122]])) (Branch (Leaf [[Finite 10]]) (Leaf [[Finite 34]]))))) (Branch (Branch (Branch (Branch (Leaf [[Finite 10]]) (Leaf [[Finite 64]])) (Branch (Leaf [[Finite 29]]) (Leaf [[Finite 36]]))) (Branch (Branch (Leaf [[Finite 7]]) (Leaf [[Finite 8]])) (Branch (Leaf [[Finite 81]]) (Leaf [[Finite 0]])))) (Branch (Branch (Branch (Leaf [[Finite 19]]) (Leaf [[Finite 31]])) (Branch (Leaf [[Finite 4]]) (Leaf [[Finite 4]]))) (Branch (Branch (Leaf [[Finite 20]]) (Leaf [[Finite 32]])) (Branch (Leaf [[Finite 109]]) (Leaf [[Finite 80]]))))),Branch (Branch (Branch (Branch (Branch (Leaf [[Finite 0]]) (Leaf [[Finite 4]])) (Branch (Leaf [[Finite 13]]) (Leaf [[Finite 0]]))) (Branch (Branch (Leaf [[Finite 13]]) (Leaf [[Finite 4]])) (Branch (Leaf [[Finite 65]]) (Leaf [[Finite 21]])))) (Branch (Branch (Branch (Leaf [[Finite 31]]) (Leaf [[Finite 36]])) (Branch (Leaf [[Finite 5]]) (Leaf [[Finite 30]]))) (Branch (Branch (Leaf [[Finite 14]]) (Leaf [[Finite 8]])) (Branch (Leaf [[Finite 52]]) (Leaf [[Finite 30]]))))) (Branch (Branch (Branch (Branch (Leaf [[Finite 63]]) (Leaf [[Finite 17]])) (Branch (Leaf [[Finite 16]]) (Leaf [[Finite 88]]))) (Branch (Branch (Leaf [[Finite 5]]) (Leaf [[Finite 57]])) (Branch (Leaf [[Finite 58]]) (Leaf [[Finite 127]])))) (Branch (Branch (Branch (Leaf [[Finite 77]]) (Leaf [[Finite 0]])) (Branch (Leaf [[Finite 13]]) (Leaf [[Finite 57]]))) (Branch (Branch (Leaf [[Finite 32]]) (Leaf [[Finite 31]])) (Branch (Leaf [[Finite 84]]) (Leaf [[Finite 64]]))))),Branch (Branch (Branch (Branch (Branch (Leaf [[Finite 13]]) (Leaf [[Finite 16]])) (Branch (Leaf [[Finite 111]]) (Leaf [[Finite 103]]))) (Branch (Branch (Leaf [[Finite 32]]) (Leaf [[Finite 77]])) (Branch (Leaf [[Finite 0]]) (Leaf [[Finite 74]])))) (Branch (Branch (Branch (Leaf [[Finite 71]]) (Leaf [[Finite 85]])) (Branch (Leaf [[Finite 41]]) (Leaf [[Finite 33]]))) (Branch (Branch (Leaf [[Finite 55]]) (Leaf [[Finite 38]])) (Branch (Leaf [[Finite 103]]) (Leaf [[Finite 0]]))))) (Branch (Branch (Branch (Branch (Leaf [[Finite 48]]) (Leaf [[Finite 0]])) (Branch (Leaf [[Finite 20]]) (Leaf [[Finite 4]]))) (Branch (Branch (Leaf [[Finite 3]]) (Leaf [[Finite 4]])) (Branch (Leaf [[Finite 50]]) (Leaf [[Finite 1]])))) (Branch (Branch (Branch (Leaf [[Finite 0]]) (Leaf [[Finite 16]])) (Branch (Leaf [[Finite 0]]) (Leaf [[Finite 92]]))) (Branch (Branch (Leaf [[Finite 0]]) (Leaf [[Finite 36]])) (Branch (Leaf [[Finite 0]]) (Leaf [[Finite 66]]))))),Branch (Branch (Branch (Branch (Branch (Leaf [[Finite 2]]) (Leaf [[Finite 69]])) (Branch (Leaf [[Finite 33]]) (Leaf [[Finite 103]]))) (Branch (Branch (Leaf [[Finite 45]]) (Leaf [[Finite 8]])) (Branch (Leaf [[Finite 68]]) (Leaf [[Finite 28]])))) (Branch (Branch (Branch (Leaf [[Finite 63]]) (Leaf [[Finite 63]])) (Branch (Leaf [[Finite 77]]) (Leaf [[Finite 46]]))) (Branch (Branch (Leaf [[Finite 97]]) (Leaf [[Finite 14]])) (Branch (Leaf [[Finite 20]]) (Leaf [[Finite 123]]))))) (Branch (Branch (Branch (Branch (Leaf [[Finite 34]]) (Leaf [[Finite 17]])) (Branch (Leaf [[Finite 15]]) (Leaf [[Finite 0]]))) (Branch (Branch (Leaf [[Finite 5]]) (Leaf [[Finite 94]])) (Branch (Leaf [[Finite 27]]) (Leaf [[Finite 1]])))) (Branch (Branch (Branch (Leaf [[Finite 82]]) (Leaf [[Finite 0]])) (Branch (Leaf [[Finite 11]]) (Leaf [[Finite 32]]))) (Branch (Branch (Leaf [[Finite 0]]) (Leaf [[Finite 0]])) (Branch (Leaf [[Finite 4]]) (Leaf [[Finite 25]])))))] [True]
Test: True
(b
,[(0,4)
 ,(1,7)
 ,(2,5)
 ,(3,0)
 ,(4,1)
 ,(5,6)
 ,(6,0)
 ,(7,1)
 ,(8,14)
 ,(9,7)
 ,(10,12)
 ,(11,9)
 ,(12,3)
 ,(13,12)
 ,(14,11)
 ,(15,6)])
(a
,[(0,10)
 ,(1,2)
 ,(2,0)
 ,(3,13)
 ,(4,2)
 ,(5,8)
 ,(6,13)
 ,(7,2)
 ,(8,14)
 ,(9,10)
 ,(10,9)
 ,(11,13)
 ,(12,8)
 ,(13,7)
 ,(14,8)
 ,(15,8)])
[((b,0),[[26]])
,((b,1),[[20]])
,((b,2),[[0]])
,((b,3),[[1]])
,((b,4),[[106]])
,((b,5),[[1]])
,((b,6),[[33]])
,((b,7),[[32]])
,((b,8),[[8]])
,((b,9),[[31]])
,((b,10),[[16]])
,((b,11),[[32]])
,((b,12),[[17]])
,((b,13),[[63]])
,((b,14),[[1]])
,((b,15),[[15]])
,((a,0),[[1]])
,((a,1),[[0]])
,((a,2),[[75]])
,((a,3),[[159]])
,((a,4),[[92]])
,((a,5),[[0]])
,((a,6),[[190]])
,((a,7),[[1]])
,((a,8),[[3]])
,((a,9),[[14]])
,((a,10),[[25]])
,((a,11),[[102]])
,((a,12),[[0]])
,((a,13),[[0]])
,((a,14),[[0]])
,((a,15),[[29]])]
[((b,0),[[36]])
,((b,1),[[7]])
,((b,2),[[0]])
,((b,3),[[94]])
,((b,4),[[33]])
,((b,5),[[16]])
,((b,6),[[4]])
,((b,7),[[1]])
,((b,8),[[1]])
,((b,9),[[14]])
,((b,10),[[8]])
,((b,11),[[9]])
,((b,12),[[3]])
,((b,13),[[204]])
,((b,14),[[1]])
,((b,15),[[177]])
,((a,0),[[0]])
,((a,1),[[31]])
,((a,2),[[27]])
,((a,3),[[6]])
,((a,4),[[12]])
,((a,5),[[0]])
,((a,6),[[62]])
,((a,7),[[110]])
,((a,8),[[7]])
,((a,9),[[0]])
,((a,10),[[20]])
,((a,11),[[24]])
,((a,12),[[97]])
,((a,13),[[7]])
,((a,14),[[2]])
,((a,15),[[184]])]
[((b,0),[[69]])
,((b,1),[[6]])
,((b,2),[[1]])
,((b,3),[[66]])
,((b,4),[[22]])
,((b,5),[[64]])
,((b,6),[[10]])
,((b,7),[[43]])
,((b,8),[[2]])
,((b,9),[[16]])
,((b,10),[[1]])
,((b,11),[[130]])
,((b,12),[[0]])
,((b,13),[[128]])
,((b,14),[[1]])
,((b,15),[[57]])
,((a,0),[[66]])
,((a,1),[[5]])
,((a,2),[[69]])
,((a,3),[[54]])
,((a,4),[[20]])
,((a,5),[[117]])
,((a,6),[[31]])
,((a,7),[[3]])
,((a,8),[[3]])
,((a,9),[[23]])
,((a,10),[[10]])
,((a,11),[[66]])
,((a,12),[[4]])
,((a,13),[[73]])
,((a,14),[[1]])
,((a,15),[[6]])]
[((b,0),[[2]])
,((b,1),[[0]])
,((b,2),[[6]])
,((b,3),[[19]])
,((b,4),[[47]])
,((b,5),[[21]])
,((b,6),[[2]])
,((b,7),[[0]])
,((b,8),[[2]])
,((b,9),[[128]])
,((b,10),[[0]])
,((b,11),[[23]])
,((b,12),[[45]])
,((b,13),[[59]])
,((b,14),[[7]])
,((b,15),[[62]])
,((a,0),[[0]])
,((a,1),[[79]])
,((a,2),[[45]])
,((a,3),[[1]])
,((a,4),[[131]])
,((a,5),[[8]])
,((a,6),[[63]])
,((a,7),[[11]])
,((a,8),[[5]])
,((a,9),[[1]])
,((a,10),[[1]])
,((a,11),[[2]])
,((a,12),[[65]])
,((a,13),[[85]])
,((a,14),[[3]])
,((a,15),[[188]])]
[((b,0),[[8]])
,((b,1),[[32]])
,((b,2),[[0]])
,((b,3),[[27]])
,((b,4),[[35]])
,((b,5),[[26]])
,((b,6),[[0]])
,((b,7),[[8]])
,((b,8),[[96]])
,((b,9),[[10]])
,((b,10),[[8]])
,((b,11),[[76]])
,((b,12),[[35]])
,((b,13),[[196]])
,((b,14),[[26]])
,((b,15),[[235]])
,((a,0),[[1]])
,((a,1),[[145]])
,((a,2),[[4]])
,((a,3),[[13]])
,((a,4),[[30]])
,((a,5),[[14]])
,((a,6),[[14]])
,((a,7),[[122]])
,((a,8),[[0]])
,((a,9),[[37]])
,((a,10),[[0]])
,((a,11),[[51]])
,((a,12),[[3]])
,((a,13),[[6]])
,((a,14),[[17]])
,((a,15),[[0]])]
[((b,0),[[67]])
,((b,1),[[51]])
,((b,2),[[69]])
,((b,3),[[65]])
,((b,4),[[88]])
,((b,5),[[67]])
,((b,6),[[4]])
,((b,7),[[17]])
,((b,8),[[34]])
,((b,9),[[17]])
,((b,10),[[58]])
,((b,11),[[95]])
,((b,12),[[2]])
,((b,13),[[15]])
,((b,14),[[14]])
,((b,15),[[142]])
,((a,0),[[23]])
,((a,1),[[29]])
,((a,2),[[33]])
,((a,3),[[43]])
,((a,4),[[34]])
,((a,5),[[36]])
,((a,6),[[34]])
,((a,7),[[8]])
,((a,8),[[34]])
,((a,9),[[16]])
,((a,10),[[56]])
,((a,11),[[10]])
,((a,12),[[11]])
,((a,13),[[8]])
,((a,14),[[7]])
,((a,15),[[43]])]
[((b,0),[[11]])
,((b,1),[[20]])
,((b,2),[[19]])
,((b,3),[[3]])
,((b,4),[[139]])
,((b,5),[[1]])
,((b,6),[[0]])
,((b,7),[[4]])
,((b,8),[[92]])
,((b,9),[[23]])
,((b,10),[[7]])
,((b,11),[[8]])
,((b,12),[[6]])
,((b,13),[[37]])
,((b,14),[[21]])
,((b,15),[[150]])
,((a,0),[[32]])
,((a,1),[[2]])
,((a,2),[[64]])
,((a,3),[[125]])
,((a,4),[[108]])
,((a,5),[[1]])
,((a,6),[[145]])
,((a,7),[[11]])
,((a,8),[[6]])
,((a,9),[[59]])
,((a,10),[[71]])
,((a,11),[[7]])
,((a,12),[[56]])
,((a,13),[[3]])
,((a,14),[[7]])
,((a,15),[[55]])]
[((b,0),[[18]])
,((b,1),[[26]])
,((b,2),[[0]])
,((b,3),[[6]])
,((b,4),[[35]])
,((b,5),[[0]])
,((b,6),[[101]])
,((b,7),[[50]])
,((b,8),[[16]])
,((b,9),[[61]])
,((b,10),[[61]])
,((b,11),[[1]])
,((b,12),[[4]])
,((b,13),[[86]])
,((b,14),[[0]])
,((b,15),[[8]])
,((a,0),[[3]])
,((a,1),[[130]])
,((a,2),[[8]])
,((a,3),[[23]])
,((a,4),[[58]])
,((a,5),[[210]])
,((a,6),[[19]])
,((a,7),[[27]])
,((a,8),[[0]])
,((a,9),[[63]])
,((a,10),[[25]])
,((a,11),[[6]])
,((a,12),[[82]])
,((a,13),[[21]])
,((a,14),[[22]])
,((a,15),[[36]])]
[((b,0),[[97]])
,((b,1),[[1]])
,((b,2),[[1]])
,((b,3),[[28]])
,((b,4),[[55]])
,((b,5),[[145]])
,((b,6),[[2]])
,((b,7),[[23]])
,((b,8),[[110]])
,((b,9),[[68]])
,((b,10),[[52]])
,((b,11),[[18]])
,((b,12),[[74]])
,((b,13),[[6]])
,((b,14),[[32]])
,((b,15),[[124]])
,((a,0),[[40]])
,((a,1),[[16]])
,((a,2),[[15]])
,((a,3),[[20]])
,((a,4),[[15]])
,((a,5),[[80]])
,((a,6),[[16]])
,((a,7),[[0]])
,((a,8),[[0]])
,((a,9),[[22]])
,((a,10),[[39]])
,((a,11),[[2]])
,((a,12),[[21]])
,((a,13),[[8]])
,((a,14),[[2]])
,((a,15),[[23]])]
[((b,0),[[100]])
,((b,1),[[16]])
,((b,2),[[67]])
,((b,3),[[0]])
,((b,4),[[56]])
,((b,5),[[0]])
,((b,6),[[48]])
,((b,7),[[0]])
,((b,8),[[109]])
,((b,9),[[2]])
,((b,10),[[6]])
,((b,11),[[128]])
,((b,12),[[133]])
,((b,13),[[68]])
,((b,14),[[16]])
,((b,15),[[114]])
,((a,0),[[20]])
,((a,1),[[60]])
,((a,2),[[18]])
,((a,3),[[4]])
,((a,4),[[49]])
,((a,5),[[1]])
,((a,6),[[91]])
,((a,7),[[42]])
,((a,8),[[0]])
,((a,9),[[10]])
,((a,10),[[65]])
,((a,11),[[16]])
,((a,12),[[0]])
,((a,13),[[5]])
,((a,14),[[0]])
,((a,15),[[1]])]
[((b,0),[[43]])
,((b,1),[[11]])
,((b,2),[[71]])
,((b,3),[[15]])
,((b,4),[[65]])
,((b,5),[[0]])
,((b,6),[[32]])
,((b,7),[[62]])
,((b,8),[[103]])
,((b,9),[[25]])
,((b,10),[[1]])
,((b,11),[[24]])
,((b,12),[[8]])
,((b,13),[[95]])
,((b,14),[[1]])
,((b,15),[[0]])
,((a,0),[[95]])
,((a,1),[[56]])
,((a,2),[[18]])
,((a,3),[[59]])
,((a,4),[[15]])
,((a,5),[[1]])
,((a,6),[[47]])
,((a,7),[[61]])
,((a,8),[[34]])
,((a,9),[[31]])
,((a,10),[[32]])
,((a,11),[[13]])
,((a,12),[[0]])
,((a,13),[[5]])
,((a,14),[[1]])
,((a,15),[[70]])]
[((b,0),[[46]])
,((b,1),[[8]])
,((b,2),[[60]])
,((b,3),[[31]])
,((b,4),[[1]])
,((b,5),[[16]])
,((b,6),[[2]])
,((b,7),[[17]])
,((b,8),[[38]])
,((b,9),[[3]])
,((b,10),[[12]])
,((b,11),[[76]])
,((b,12),[[8]])
,((b,13),[[8]])
,((b,14),[[50]])
,((b,15),[[14]])
,((a,0),[[6]])
,((a,1),[[33]])
,((a,2),[[44]])
,((a,3),[[12]])
,((a,4),[[1]])
,((a,5),[[58]])
,((a,6),[[64]])
,((a,7),[[22]])
,((a,8),[[32]])
,((a,9),[[40]])
,((a,10),[[55]])
,((a,11),[[15]])
,((a,12),[[7]])
,((a,13),[[31]])
,((a,14),[[1]])
,((a,15),[[55]])]
[((b,0),[[10]])
,((b,1),[[19]])
,((b,2),[[7]])
,((b,3),[[20]])
,((b,4),[[29]])
,((b,5),[[4]])
,((b,6),[[81]])
,((b,7),[[109]])
,((b,8),[[64]])
,((b,9),[[31]])
,((b,10),[[8]])
,((b,11),[[32]])
,((b,12),[[36]])
,((b,13),[[4]])
,((b,14),[[0]])
,((b,15),[[80]])
,((a,0),[[52]])
,((a,1),[[90]])
,((a,2),[[16]])
,((a,3),[[1]])
,((a,4),[[62]])
,((a,5),[[96]])
,((a,6),[[133]])
,((a,7),[[10]])
,((a,8),[[12]])
,((a,9),[[24]])
,((a,10),[[5]])
,((a,11),[[122]])
,((a,12),[[79]])
,((a,13),[[5]])
,((a,14),[[13]])
,((a,15),[[34]])]
[((b,0),[[63]])
,((b,1),[[77]])
,((b,2),[[5]])
,((b,3),[[32]])
,((b,4),[[16]])
,((b,5),[[13]])
,((b,6),[[58]])
,((b,7),[[84]])
,((b,8),[[17]])
,((b,9),[[0]])
,((b,10),[[57]])
,((b,11),[[31]])
,((b,12),[[88]])
,((b,13),[[57]])
,((b,14),[[127]])
,((b,15),[[64]])
,((a,0),[[0]])
,((a,1),[[31]])
,((a,2),[[13]])
,((a,3),[[14]])
,((a,4),[[13]])
,((a,5),[[5]])
,((a,6),[[65]])
,((a,7),[[52]])
,((a,8),[[4]])
,((a,9),[[36]])
,((a,10),[[4]])
,((a,11),[[8]])
,((a,12),[[0]])
,((a,13),[[30]])
,((a,14),[[21]])
,((a,15),[[30]])]
[((b,0),[[48]])
,((b,1),[[0]])
,((b,2),[[3]])
,((b,3),[[0]])
,((b,4),[[20]])
,((b,5),[[0]])
,((b,6),[[50]])
,((b,7),[[0]])
,((b,8),[[0]])
,((b,9),[[16]])
,((b,10),[[4]])
,((b,11),[[36]])
,((b,12),[[4]])
,((b,13),[[92]])
,((b,14),[[1]])
,((b,15),[[66]])
,((a,0),[[13]])
,((a,1),[[71]])
,((a,2),[[32]])
,((a,3),[[55]])
,((a,4),[[111]])
,((a,5),[[41]])
,((a,6),[[0]])
,((a,7),[[103]])
,((a,8),[[16]])
,((a,9),[[85]])
,((a,10),[[77]])
,((a,11),[[38]])
,((a,12),[[103]])
,((a,13),[[33]])
,((a,14),[[74]])
,((a,15),[[0]])]
[((b,0),[[34]])
,((b,1),[[82]])
,((b,2),[[5]])
,((b,3),[[0]])
,((b,4),[[15]])
,((b,5),[[11]])
,((b,6),[[27]])
,((b,7),[[4]])
,((b,8),[[17]])
,((b,9),[[0]])
,((b,10),[[94]])
,((b,11),[[0]])
,((b,12),[[0]])
,((b,13),[[32]])
,((b,14),[[1]])
,((b,15),[[25]])
,((a,0),[[2]])
,((a,1),[[63]])
,((a,2),[[45]])
,((a,3),[[97]])
,((a,4),[[33]])
,((a,5),[[77]])
,((a,6),[[68]])
,((a,7),[[20]])
,((a,8),[[69]])
,((a,9),[[63]])
,((a,10),[[8]])
,((a,11),[[14]])
,((a,12),[[103]])
,((a,13),[[46]])
,((a,14),[[28]])
,((a,15),[[123]])]
[(a a b b -> b b b a a a,True)]
4305.41user 2.92system 1:12:17elapsed 99%CPU (0avgtext+0avgdata 1200144maxresident)k
0inputs+104outputs (0major+600726minor)pagefaults 0swaps
